[2026-04-03 10:35:04] Daily snapshot for 2026-04-03
  Strategies: 2, Instruments: 4
  Recorded 5 snapshots:
    finideas_ilts: 4 legs, P&L: -10,706 (-1.56%)
    finrakshak: 1 legs, P&L: +1,973 (+3.15%)
  Done.
[2026-04-03 15:45:02] Daily snapshot for 2026-04-03
  Strategies: 2, Instruments: 4
  Nifty spot: 22,713.10
  Recorded 5 snapshots:
    finideas_ilts: 4 legs, P&L: -10,706 (-1.56%)
    finrakshak: 1 legs, P&L: +1,973 (+3.15%)
  Done.
[2026-04-08 15:45:04] Daily snapshot for 2026-04-08
  Strategies: 2, Instruments: 4
  Nifty spot: 23,997.35
  Recorded 5 snapshots:
    finideas_ilts: 4 legs, P&L: +44,516 (+6.48%)
    finrakshak: 1 legs, P&L: -27,440 (-43.88%)
  MF portfolio (11 schemes): ₹7,689,848  P&L +1,524,283 (+24.72%)

  ── Combined Portfolio ─────────────────────────────────
  MF current value    : ₹     7,689,848  Δday:      +36,200  P&L:  +1,524,283 (+24.72%)
  ETF current value   : ₹       609,915  Δday:       +4,161  (basis ₹607,997)
  Options net P&L     :         +17,076  Δday:      +17,284
  ───────────────────────────────────────────────────────
  Total value         : ₹     8,316,839  Δday:      +57,645
  Total invested      : ₹     6,773,562
  Total P&L           :      +1,543,278  (+22.78%)

  Done.
[2026-04-09 15:45:04] Daily snapshot for 2026-04-09
  Strategies: 2, Instruments: 5
  Nifty spot: 23,775.10
  Recorded 6 snapshots:
    finideas_ilts: 5 legs, P&L: +31,798 (+3.97%)
    finrakshak: 1 legs, P&L: -24,070 (-38.49%)
  MF portfolio (11 schemes): ₹7,949,987  P&L +1,784,422 (+28.94%)

  ── Combined Portfolio ─────────────────────────────────
  MF current value    : ₹     7,949,987  Δday:     +242,531  P&L:  +1,784,422 (+28.94%)
  ETF current value   : ₹       668,350  Δday:       -1,162  (basis ₹667,424)
  Options net P&L     :          +7,728  Δday:         +271
  ───────────────────────────────────────────────────────
  Total value         : ₹     8,626,065  Δday:     +241,639
  Total invested      : ₹     6,832,989
  Total P&L           :      +1,793,076  (+26.24%)

  Done.
[2026-04-10 15:45:03] Daily snapshot for 2026-04-10
  Strategies: 2, Instruments: 5
  Nifty spot: 24,050.60
  Recorded 6 snapshots:
    finideas_ilts: 5 legs, P&L: +35,180 (+4.39%)
    finrakshak: 1 legs, P&L: -28,236 (-45.15%)
  MF portfolio (11 schemes): ₹7,921,604  P&L +1,756,038 (+28.48%)

  ── Combined Portfolio ─────────────────────────────────
  MF current value    : ₹     7,921,604  Δday:      -28,383  P&L:  +1,756,038 (+28.48%)
  ETF current value   : ₹       672,535  Δday:       +4,185  (basis ₹667,424)
  Options net P&L     :          +6,944  Δday:         -784
  ───────────────────────────────────────────────────────
  Total value         : ₹     8,601,083  Δday:      -24,982
  Total invested      : ₹     6,832,989
  Total P&L           :      +1,768,093  (+25.88%)

  ── FinRakshak Protection ──────────────────────────────
  MF Δday             :         -28,383
  FinRakshak Δday     :          -4,166
  ───────────────────────────────────────────────────────
  Net (MF + hedge)    :         -32,550  ⚠️  Exposed

  Done.
